# JRE version: OpenJDK Runtime Environment (8.0_152-b01) (build 1.8.0_152-release-915-b01)
# Java VM: OpenJDK 64-Bit Server VM (25.152-b01 mixed mode windows-amd64 compressed oops)
Heap:
 PSYoungGen      total 266240K, used 225566K [0x00000000e0000000, 0x00000000f4280000, 0x0000000100000000)
  eden space 236544K, 82% used [0x00000000e0000000,0x00000000ebf4aab8,0x00000000ee700000)
  from space 29696K, 99% used [0x00000000f2580000,0x00000000f427cf58,0x00000000f4280000)
  to   space 33792K, 0% used [0x00000000f0080000,0x00000000f0080000,0x00000000f2180000)
 ParOldGen       total 98304K, used 67137K [0x00000000a0000000, 0x00000000a6000000, 0x00000000e0000000)
  object space 98304K, 68% used [0x00000000a0000000,0x00000000a41906d0,0x00000000a6000000)
 Metaspace       used 75416K, capacity 81466K, committed 81624K, reserved 1120256K
  class space    used 9801K, capacity 11184K, committed 11264K, reserved 1048576K
GC Heap History (10 events):
Event: 2706.434 GC heap before
{Heap before GC invocations=25 (full 3):
 PSYoungGen      total 233984K, used 233615K [0x00000000e0000000, 0x00000000f1480000, 0x0000000100000000)
  eden space 217600K, 100% used [0x00000000e0000000,0x00000000ed480000,0x00000000ed480000)
  from space 16384K, 97% used [0x00000000ef800000,0x00000000f07a3e20,0x00000000f0800000)
  to   space 12800K, 0% used [0x00000000f0800000,0x00000000f0800000,0x00000000f1480000)
 ParOldGen       total 98304K, used 53286K [0x00000000a0000000, 0x00000000a6000000, 0x00000000e0000000)
  object space 98304K, 54% used [0x00000000a0000000,0x00000000a3409b80,0x00000000a6000000)
 Metaspace       used 73518K, capacity 78258K, committed 78552K, reserved 1118208K
  class space    used 9531K, capacity 10656K, committed 10752K, reserved 1048576K
Event: 2706.719 GC heap after
Heap after GC invocations=25 (full 3):
 PSYoungGen      total 221696K, used 12768K [0x00000000e0000000, 0x00000000f1480000, 0x0000000100000000)
  eden space 208896K, 0% used [0x00000000e0000000,0x00000000e0000000,0x00000000ecc00000)
  from space 12800K, 99% used [0x00000000f0800000,0x00000000f1478090,0x00000000f1480000)
  to   space 27648K, 0% used [0x00000000ede80000,0x00000000ede80000,0x00000000ef980000)
 ParOldGen       total 98304K, used 64665K [0x00000000a0000000, 0x00000000a6000000, 0x00000000e0000000)
  object space 98304K, 65% used [0x00000000a0000000,0x00000000a3f26590,0x00000000a6000000)
 Metaspace       used 73518K, capacity 78258K, committed 78552K, reserved 1118208K
  class space    used 9531K, capacity 10656K, committed 10752K, reserved 1048576K
}
Event: 2734.082 GC heap before
{Heap before GC invocations=26 (full 3):
 PSYoungGen      total 221696K, used 221664K [0x00000000e0000000, 0x00000000f1480000, 0x0000000100000000)
  eden space 208896K, 100% used [0x00000000e0000000,0x00000000ecc00000,0x00000000ecc00000)
  from space 12800K, 99% used [0x00000000f0800000,0x00000000f1478090,0x00000000f1480000)
  to   space 27648K, 0% used [0x00000000ede80000,0x00000000ede80000,0x00000000ef980000)
 ParOldGen       total 98304K, used 64665K [0x00000000a0000000, 0x00000000a6000000, 0x00000000e0000000)
  object space 98304K, 65% used [0x00000000a0000000,0x00000000a3f26590,0x00000000a6000000)
 Metaspace       used 73609K, capacity 78422K, committed 78552K, reserved 1118208K
  class space    used 9533K, capacity 10660K, committed 10752K, reserved 1048576K
Event: 2735.576 GC heap after
Heap after GC invocations=26 (full 3):
 PSYoungGen      total 255488K, used 19168K [0x00000000e0000000, 0x00000000f2800000, 0x0000000100000000)
  eden space 227840K, 0% used [0x00000000e0000000,0x00000000e0000000,0x00000000ede80000)
  from space 27648K, 69% used [0x00000000ede80000,0x00000000ef138328,0x00000000ef980000)
  to   space 28672K, 0% used [0x00000000f0c00000,0x00000000f0c00000,0x00000000f2800000)
 ParOldGen       total 98304K, used 66625K [0x00000000a0000000, 0x00000000a6000000, 0x00000000e0000000)
  object space 98304K, 67% used [0x00000000a0000000,0x00000000a4110690,0x00000000a6000000)
 Metaspace       used 73609K, capacity 78422K, committed 78552K, reserved 1118208K
  class space    used 9533K, capacity 10660K, committed 10752K, reserved 1048576K
}
Event: 3036.082 GC heap before
{Heap before GC invocations=27 (full 3):
 PSYoungGen      total 255488K, used 247008K [0x00000000e0000000, 0x00000000f2800000, 0x0000000100000000)
  eden space 227840K, 100% used [0x00000000e0000000,0x00000000ede80000,0x00000000ede80000)
  from space 27648K, 69% used [0x00000000ede80000,0x00000000ef138328,0x00000000ef980000)
  to   space 28672K, 0% used [0x00000000f0c00000,0x00000000f0c00000,0x00000000f2800000)
 ParOldGen       total 98304K, used 66625K [0x00000000a0000000, 0x00000000a6000000, 0x00000000e0000000)
  object space 98304K, 67% used [0x00000000a0000000,0x00000000a4110690,0x00000000a6000000)
 Metaspace       used 73950K, capacity 79034K, committed 79192K, reserved 1118208K
  class space    used 9566K, capacity 10758K, committed 10880K, reserved 1048576K
Event: 3036.674 GC heap after
Heap after GC invocations=27 (full 3):
 PSYoungGen      total 274944K, used 15777K [0x00000000e0000000, 0x00000000f3700000, 0x0000000100000000)
  eden space 246272K, 0% used [0x00000000e0000000,0x00000000e0000000,0x00000000ef080000)
  from space 28672K, 55% used [0x00000000f0c00000,0x00000000f1b68720,0x00000000f2800000)
  to   space 28160K, 0% used [0x00000000ef080000,0x00000000ef080000,0x00000000f0c00000)
 ParOldGen       total 98304K, used 66633K [0x00000000a0000000, 0x00000000a6000000, 0x00000000e0000000)
  object space 98304K, 67% used [0x00000000a0000000,0x00000000a4112690,0x00000000a6000000)
 Metaspace       used 73950K, capacity 79034K, committed 79192K, reserved 1118208K
  class space    used 9566K, capacity 10758K, committed 10880K, reserved 1048576K
}
Event: 3955.910 GC heap before
{Heap before GC invocations=28 (full 3):
 PSYoungGen      total 274944K, used 262049K [0x00000000e0000000, 0x00000000f3700000, 0x0000000100000000)
  eden space 246272K, 100% used [0x00000000e0000000,0x00000000ef080000,0x00000000ef080000)
  from space 28672K, 55% used [0x00000000f0c00000,0x00000000f1b68720,0x00000000f2800000)
  to   space 28160K, 0% used [0x00000000ef080000,0x00000000ef080000,0x00000000f0c00000)
 ParOldGen       total 98304K, used 66633K [0x00000000a0000000, 0x00000000a6000000, 0x00000000e0000000)
  object space 98304K, 67% used [0x00000000a0000000,0x00000000a4112690,0x00000000a6000000)
 Metaspace       used 74309K, capacity 79722K, committed 79960K, reserved 1118208K
  class space    used 9618K, capacity 10880K, committed 10880K, reserved 1048576K
Event: 3959.055 GC heap after
Heap after GC invocations=28 (full 3):
 PSYoungGen      total 274432K, used 20427K [0x00000000e0000000, 0x00000000f4280000, 0x0000000100000000)
  eden space 246272K, 0% used [0x00000000e0000000,0x00000000e0000000,0x00000000ef080000)
  from space 28160K, 72% used [0x00000000ef080000,0x00000000f0472dc8,0x00000000f0c00000)
  to   space 29696K, 0% used [0x00000000f2580000,0x00000000f2580000,0x00000000f4280000)
 ParOldGen       total 98304K, used 66633K [0x00000000a0000000, 0x00000000a6000000, 0x00000000e0000000)
  object space 98304K, 67% used [0x00000000a0000000,0x00000000a4112690,0x00000000a6000000)
 Metaspace       used 74309K, capacity 79722K, committed 79960K, reserved 1118208K
  class space    used 9618K, capacity 10880K, committed 10880K, reserved 1048576K
}
Event: 4043.680 GC heap before
{Heap before GC invocations=29 (full 3):
 PSYoungGen      total 274432K, used 266699K [0x00000000e0000000, 0x00000000f4280000, 0x0000000100000000)
  eden space 246272K, 100% used [0x00000000e0000000,0x00000000ef080000,0x00000000ef080000)
  from space 28160K, 72% used [0x00000000ef080000,0x00000000f0472dc8,0x00000000f0c00000)
  to   space 29696K, 0% used [0x00000000f2580000,0x00000000f2580000,0x00000000f4280000)
 ParOldGen       total 98304K, used 66633K [0x00000000a0000000, 0x00000000a6000000, 0x00000000e0000000)
  object space 98304K, 67% used [0x00000000a0000000,0x00000000a4112690,0x00000000a6000000)
 Metaspace       used 74583K, capacity 80368K, committed 80600K, reserved 1118208K
  class space    used 9671K, capacity 10977K, committed 11008K, reserved 1048576K
Event: 4043.795 GC heap after
Heap after GC invocations=29 (full 3):
 PSYoungGen      total 266240K, used 29683K [0x00000000e0000000, 0x00000000f4280000, 0x0000000100000000)
  eden space 236544K, 0% used [0x00000000e0000000,0x00000000e0000000,0x00000000ee700000)
  from space 29696K, 99% used [0x00000000f2580000,0x00000000f427cf58,0x00000000f4280000)
  to   space 33792K, 0% used [0x00000000f0080000,0x00000000f0080000,0x00000000f2180000)
 ParOldGen       total 98304K, used 67137K [0x00000000a0000000, 0x00000000a6000000, 0x00000000e0000000)
  object space 98304K, 68% used [0x00000000a0000000,0x00000000a41906d0,0x00000000a6000000)
 Metaspace       used 74583K, capacity 80368K, committed 80600K, reserved 1118208K
  class space    used 9671K, capacity 10977K, committed 11008K, reserved 1048576K
}

